<?xml version="1.0" encoding="UTF-8"?>
<!-- Generated by org.testng.reporters.JUnitReportReporter -->
<testsuite hostname="Harika" failures="0" tests="1" name="testScripts.DemoLoginTest" time="3.871" errors="0" timestamp="2023-05-18T11:22:28 BST" skipped="0">
  <testcase classname="testScripts.DemoLoginTest" name="test" time="3.871"/>
  <system-out/>
</testsuite> <!-- testScripts.DemoLoginTest -->
