<?xml version="1.0" encoding="UTF-8"?>
<!-- Generated by org.testng.reporters.JUnitReportReporter -->
<testsuite hostname="Harika" failures="0" tests="1" name="testScripts.MavenScript" time="5.460" errors="0" timestamp="2023-05-16T18:31:35 BST" skipped="0">
  <testcase classname="testScripts.MavenScript" name="test" time="5.460"/>
  <system-out/>
</testsuite> <!-- testScripts.MavenScript -->
